/opt/apps/eb/software/Java/11.0.20/lib:/opt/apps/eb/software/Python/3.11.3-GCCcore-12.3.0/lib:/opt/apps/eb/software/OpenSSL/1.1/lib:/opt/apps/eb/software/libffi/3.4.4-GCCcore-12.3.0/lib64:/opt/apps/eb/software/XZ/5.4.2-GCCcore-12.3.0/lib:/opt/apps/eb/software/SQLite/3.42.0-GCCcore-12.3.0/lib:/opt/apps/eb/software/Tcl/8.6.13-GCCcore-12.3.0/lib:/opt/apps/eb/software/libreadline/8.2-GCCcore-12.3.0/lib:/opt/apps/eb/software/ncurses/6.4-GCCcore-12.3.0/lib:/opt/apps/eb/software/bzip2/1.0.8-GCCcore-12.3.0/lib:/opt/apps/eb/software/binutils/2.40-GCCcore-12.3.0/lib:/opt/apps/eb/software/zlib/1.2.13-GCCcore-12.3.0/lib:/opt/apps/eb/software/GCCcore/12.3.0/lib64:/users/gnvf500/scratch/CPHSTaskPlanning/EvoChecker/libs/runtime
Defaulting to user installation because normal site-packages is not writeable
Requirement already satisfied: pandas in /users/gnvf500/.local/lib/python3.11/site-packages (2.3.0)
Requirement already satisfied: numpy>=1.23.2 in /users/gnvf500/.local/lib/python3.11/site-packages (from pandas) (2.3.0)
Requirement already satisfied: python-dateutil>=2.8.2 in /users/gnvf500/.local/lib/python3.11/site-packages (from pandas) (2.9.0.post0)
Requirement already satisfied: pytz>=2020.1 in /users/gnvf500/.local/lib/python3.11/site-packages (from pandas) (2025.2)
Requirement already satisfied: tzdata>=2022.7 in /users/gnvf500/.local/lib/python3.11/site-packages (from pandas) (2025.2)
Requirement already satisfied: six>=1.5 in /users/gnvf500/.local/lib/python3.11/site-packages (from python-dateutil>=2.8.2->pandas) (1.17.0)
Defaulting to user installation because normal site-packages is not writeable
Requirement already satisfied: pymoo in /users/gnvf500/.local/lib/python3.11/site-packages (0.6.1.5)
Requirement already satisfied: numpy>=1.19.3 in /users/gnvf500/.local/lib/python3.11/site-packages (from pymoo) (2.3.0)
Requirement already satisfied: scipy>=1.1 in /users/gnvf500/.local/lib/python3.11/site-packages (from pymoo) (1.15.3)
Requirement already satisfied: matplotlib>=3 in /users/gnvf500/.local/lib/python3.11/site-packages (from pymoo) (3.10.3)
Requirement already satisfied: autograd>=1.4 in /users/gnvf500/.local/lib/python3.11/site-packages (from pymoo) (1.8.0)
Requirement already satisfied: cma>=3.2.2 in /users/gnvf500/.local/lib/python3.11/site-packages (from pymoo) (4.2.0)
Requirement already satisfied: alive-progress in /users/gnvf500/.local/lib/python3.11/site-packages (from pymoo) (3.2.0)
Requirement already satisfied: dill in /users/gnvf500/.local/lib/python3.11/site-packages (from pymoo) (0.4.0)
Requirement already satisfied: Deprecated in /users/gnvf500/.local/lib/python3.11/site-packages (from pymoo) (1.2.18)
Requirement already satisfied: contourpy>=1.0.1 in /users/gnvf500/.local/lib/python3.11/site-packages (from matplotlib>=3->pymoo) (1.3.2)
Requirement already satisfied: cycler>=0.10 in /users/gnvf500/.local/lib/python3.11/site-packages (from matplotlib>=3->pymoo) (0.12.1)
Requirement already satisfied: fonttools>=4.22.0 in /users/gnvf500/.local/lib/python3.11/site-packages (from matplotlib>=3->pymoo) (4.58.4)
Requirement already satisfied: kiwisolver>=1.3.1 in /users/gnvf500/.local/lib/python3.11/site-packages (from matplotlib>=3->pymoo) (1.4.8)
Requirement already satisfied: packaging>=20.0 in /opt/apps/eb/software/Python/3.11.3-GCCcore-12.3.0/lib/python3.11/site-packages (from matplotlib>=3->pymoo) (23.1)
Requirement already satisfied: pillow>=8 in /users/gnvf500/.local/lib/python3.11/site-packages (from matplotlib>=3->pymoo) (11.2.1)
Requirement already satisfied: pyparsing>=2.3.1 in /users/gnvf500/.local/lib/python3.11/site-packages (from matplotlib>=3->pymoo) (3.2.3)
Requirement already satisfied: python-dateutil>=2.7 in /users/gnvf500/.local/lib/python3.11/site-packages (from matplotlib>=3->pymoo) (2.9.0.post0)
Requirement already satisfied: about-time==4.2.1 in /users/gnvf500/.local/lib/python3.11/site-packages (from alive-progress->pymoo) (4.2.1)
Requirement already satisfied: grapheme==0.6.0 in /users/gnvf500/.local/lib/python3.11/site-packages (from alive-progress->pymoo) (0.6.0)
Requirement already satisfied: wrapt<2,>=1.10 in /users/gnvf500/.local/lib/python3.11/site-packages (from Deprecated->pymoo) (1.17.2)
Requirement already satisfied: six>=1.5 in /users/gnvf500/.local/lib/python3.11/site-packages (from python-dateutil>=2.7->matplotlib>=3->pymoo) (1.17.0)
[ARGS] Optimisation list file /mnt/scratch/users/gnvf500/CPHSTaskPlanning/RQ1/Construction/experiment_files/change_injected_in_prop_minimum.txt does not exist. Exiting.

============================
 Job utilisation efficiency
============================

Job ID: 27651594
Cluster: viking2.yor.alces.network
User/Group: gnvf500/clusterusers
State: FAILED (exit code 1)
Nodes: 1
Cores per node: 9
CPU Utilized: 00:00:06
CPU Efficiency: 1.71% of 00:05:51 core-walltime
Job Wall-clock time: 00:00:39
Memory Utilized: 50.21 MB
Memory Efficiency: 0.16% of 30.00 GB
 Requested wall clock time: 1-16:15:00
    Actual wall clock time: 00:00:39
Wall clock time efficiency: 0.0%
           Job queued time: 00:32:45
